{"name": "test_parameterized_database[postgresql]", "status": "failed", "statusDetails": {"message": "AssertionError: assert None is not None", "trace": "testcase\\test_orm_integration.py:306: in test_parameterized_database\n    assert session is not None\nE   assert None is not None"}, "description": "参数化数据库测试", "steps": [{"name": "测试设置: Unknown.test_parameterized_database[postgresql]", "status": "passed", "start": 1754271683696, "stop": 1754271683697}, {"name": "测试用例: 参数化数据库测试", "status": "failed", "statusDetails": {"message": "AssertionError: assert None is not None\n", "trace": "  File \"C:\\Users\\sy_li\\bgtest\\utils\\allure_decorators.py\", line 31, in wrapper\n    result = func(*args, **kwargs)\n  File \"C:\\Users\\sy_li\\bgtest\\utils\\test_decorators.py\", line 29, in wrapper\n    return func(*args, **kwargs)\n  File \"C:\\Users\\sy_li\\bgtest\\utils\\test_decorators.py\", line 286, in wrapper\n    return func(*args, **kwargs)\n  File \"C:\\Users\\sy_li\\bgtest\\utils\\test_decorators.py\", line 300, in wrapper\n    return func(*args, **kwargs)\n  File \"C:\\Users\\sy_li\\bgtest\\testcase\\test_orm_integration.py\", line 306, in test_parameterized_database\n    assert session is not None\n"}, "steps": [{"name": "在 postgresql 数据库中执行测试", "status": "failed", "statusDetails": {"message": "AssertionError: assert None is not None\n", "trace": "  File \"C:\\Users\\sy_li\\bgtest\\testcase\\test_orm_integration.py\", line 306, in test_parameterized_database\n    assert session is not None\n"}, "start": 1754271683698, "stop": 1754271683699}], "attachments": [{"name": "测试用例异常: 参数化数据库测试", "source": "f3d96f18-00df-4e64-9240-0656fb9258dc-attachment.json", "type": "application/json"}], "start": 1754271683698, "stop": 1754271683700}, {"name": "测试清理: Unknown.test_parameterized_database[postgresql]", "status": "passed", "start": 1754271683712, "stop": 1754271683714}], "attachments": [{"name": "测试异常", "source": "556bf916-972f-416f-8884-07f51967140e-attachment.json", "type": "application/json"}, {"name": "异常堆栈", "source": "b596ebb6-5f6d-45d9-803c-61a015e213bb-attachment.txt", "type": "text/plain"}, {"name": "log", "source": "3353daac-afb7-416b-8836-bf07fd605e86-attachment.txt", "type": "text/plain"}], "parameters": [{"name": "db_environment", "value": "'postgresql'"}], "start": 1754271683697, "stop": 1754271683701, "uuid": "6e17ea8c-555b-4cac-8c11-4b26e68ea0a3", "historyId": "3aa444a0e22184174447663c932cdeab", "testCaseId": "311897995e2c2952e01664e23c4dc334", "fullName": "testcase.test_orm_integration#test_parameterized_database", "labels": [{"name": "story", "value": "参数化测试"}, {"name": "feature", "value": "数据库"}, {"name": "severity", "value": "normal"}, {"name": "parentSuite", "value": "testcase"}, {"name": "suite", "value": "test_orm_integration"}, {"name": "host", "value": "lihaojie"}, {"name": "thread", "value": "89128-MainThread"}, {"name": "framework", "value": "pytest"}, {"name": "language", "value": "cpython3"}, {"name": "package", "value": "testcase.test_orm_integration"}], "titlePath": ["testcase", "test_orm_integration.py"]}